issue no 1

when installing flask_mysqldb 
following pakages essential for installing flask_mysqldb(kali linux)
1.python3.12-dev
2.default-libmysqlclient-dev
3.pkg-config
4.default-mysql-client

issue lookup 1
─$ pip install flask_mysqldb
Collecting flask_mysqldb
  Using cached Flask_MySQLdb-2.0.0-py3-none-any.whl.metadata (3.0 kB)
Requirement already satisfied: Flask>=1.0.4 in ./.venv/lib/python3.12/site-packages (from flask_mysqldb) (3.1.0)
Collecting mysqlclient>=2.2.0 (from flask_mysqldb)
  Using cached mysqlclient-2.2.7.tar.gz (91 kB)
  Installing build dependencies ... done
  Getting requirements to build wheel ... error
  error: subprocess-exited-with-error
  
  × Getting requirements to build wheel did not run successfully.
  │ exit code: 1
  ╰─> [29 lines of output]
      Trying pkg-config --exists mysqlclient
      Command 'pkg-config --exists mysqlclient' returned non-zero exit status 1.
      Trying pkg-config --exists mariadb
      Command 'pkg-config --exists mariadb' returned non-zero exit status 1.
      Trying pkg-config --exists libmariadb
      Command 'pkg-config --exists libmariadb' returned non-zero exit status 1.
      Trying pkg-config --exists perconaserverclient
      Command 'pkg-config --exists perconaserverclient' returned non-zero exit status 1.
      Traceback (most recent call last):
        File "/home/kali/Projects/shopesite/.venv/lib/python3.12/site-packages/pip/_vendor/pyproject_hooks/_in_process/_in_process.py", line 389, in <module>
          main()
        File "/home/kali/Projects/shopesite/.venv/lib/python3.12/site-packages/pip/_vendor/pyproject_hooks/_in_process/_in_process.py", line 373, in main
          json_out["return_val"] = hook(**hook_input["kwargs"])
                                   ^^^^^^^^^^^^^^^^^^^^^^^^^^^^
        File "/home/kali/Projects/shopesite/.venv/lib/python3.12/site-packages/pip/_vendor/pyproject_hooks/_in_process/_in_process.py", line 143, in get_requires_for_build_wheel
          return hook(config_settings)
                 ^^^^^^^^^^^^^^^^^^^^^
        File "/tmp/pip-build-env-frnf0foq/overlay/lib/python3.12/site-packages/setuptools/build_meta.py", line 334, in get_requires_for_build_wheel
          return self._get_build_requires(config_settings, requirements=[])
                 ^^^^^^^^^^^^^^^^^^^^^^^^^^^^^^^^^^^^^^^^^^^^^^^^^^^^^^^^^^
        File "/tmp/pip-build-env-frnf0foq/overlay/lib/python3.12/site-packages/setuptools/build_meta.py", line 304, in _get_build_requires
          self.run_setup()
        File "/tmp/pip-build-env-frnf0foq/overlay/lib/python3.12/site-packages/setuptools/build_meta.py", line 320, in run_setup
          exec(code, locals())
        File "<string>", line 156, in <module>
        File "<string>", line 49, in get_config_posix
        File "<string>", line 28, in find_package_name
      Exception: Can not find valid pkg-config name.
      Specify MYSQLCLIENT_CFLAGS and MYSQLCLIENT_LDFLAGS env vars manually
      [end of output]
  
  note: This error originates from a subprocess, and is likely not a problem with pip.
error: subprocess-exited-with-error

× Getting requirements to build wheel did not run successfully.
│ exit code: 1
╰─> See above for output.

note: This error originates from a subprocess, and is likely not a problem with pip.

--------------------------------------------------------
issue lookup 2

└─$ pip install flask_mysqldb
Collecting flask_mysqldb
  Using cached Flask_MySQLdb-2.0.0-py3-none-any.whl.metadata (3.0 kB)
Requirement already satisfied: Flask>=1.0.4 in ./.venv/lib/python3.12/site-packages (from flask_mysqldb) (3.1.0)
Collecting mysqlclient>=2.2.0 (from flask_mysqldb)
  Using cached mysqlclient-2.2.7.tar.gz (91 kB)
  Installing build dependencies ... done
  Getting requirements to build wheel ... done
  Preparing metadata (pyproject.toml) ... done
Requirement already satisfied: Werkzeug>=3.1 in ./.venv/lib/python3.12/site-packages (from Flask>=1.0.4->flask_mysqldb) (3.1.3)
Requirement already satisfied: Jinja2>=3.1.2 in ./.venv/lib/python3.12/site-packages (from Flask>=1.0.4->flask_mysqldb) (3.1.5)
Requirement already satisfied: itsdangerous>=2.2 in ./.venv/lib/python3.12/site-packages (from Flask>=1.0.4->flask_mysqldb) (2.2.0)
Requirement already satisfied: click>=8.1.3 in ./.venv/lib/python3.12/site-packages (from Flask>=1.0.4->flask_mysqldb) (8.1.8)
Requirement already satisfied: blinker>=1.9 in ./.venv/lib/python3.12/site-packages (from Flask>=1.0.4->flask_mysqldb) (1.9.0)
Requirement already satisfied: MarkupSafe>=2.0 in ./.venv/lib/python3.12/site-packages (from Jinja2>=3.1.2->Flask>=1.0.4->flask_mysqldb) (3.0.2)
Using cached Flask_MySQLdb-2.0.0-py3-none-any.whl (4.9 kB)
Building wheels for collected packages: mysqlclient
  Building wheel for mysqlclient (pyproject.toml) ... error
  error: subprocess-exited-with-error
  
  × Building wheel for mysqlclient (pyproject.toml) did not run successfully.
  │ exit code: 1
  ╰─> [41 lines of output]
      Trying pkg-config --exists mysqlclient
      # Options for building extension module:
        extra_compile_args: ['-I/usr/include/mariadb/', '-std=c99']
        extra_link_args: ['-L/usr/lib/aarch64-linux-gnu/', '-lmariadb']
        define_macros: [('version_info', (2, 2, 7, 'final', 0)), ('__version__', '2.2.7')]
      running bdist_wheel
      running build
      running build_py
      creating build/lib.linux-aarch64-cpython-312/MySQLdb
      copying src/MySQLdb/__init__.py -> build/lib.linux-aarch64-cpython-312/MySQLdb
      copying src/MySQLdb/_exceptions.py -> build/lib.linux-aarch64-cpython-312/MySQLdb
      copying src/MySQLdb/connections.py -> build/lib.linux-aarch64-cpython-312/MySQLdb
      copying src/MySQLdb/converters.py -> build/lib.linux-aarch64-cpython-312/MySQLdb
      copying src/MySQLdb/cursors.py -> build/lib.linux-aarch64-cpython-312/MySQLdb
      copying src/MySQLdb/release.py -> build/lib.linux-aarch64-cpython-312/MySQLdb
      copying src/MySQLdb/times.py -> build/lib.linux-aarch64-cpython-312/MySQLdb
      creating build/lib.linux-aarch64-cpython-312/MySQLdb/constants
      copying src/MySQLdb/constants/CLIENT.py -> build/lib.linux-aarch64-cpython-312/MySQLdb/constants
      copying src/MySQLdb/constants/CR.py -> build/lib.linux-aarch64-cpython-312/MySQLdb/constants
      copying src/MySQLdb/constants/ER.py -> build/lib.linux-aarch64-cpython-312/MySQLdb/constants
      copying src/MySQLdb/constants/FIELD_TYPE.py -> build/lib.linux-aarch64-cpython-312/MySQLdb/constants
      copying src/MySQLdb/constants/FLAG.py -> build/lib.linux-aarch64-cpython-312/MySQLdb/constants
      copying src/MySQLdb/constants/__init__.py -> build/lib.linux-aarch64-cpython-312/MySQLdb/constants
      running egg_info
      writing src/mysqlclient.egg-info/PKG-INFO
      writing dependency_links to src/mysqlclient.egg-info/dependency_links.txt
      writing top-level names to src/mysqlclient.egg-info/top_level.txt
      reading manifest file 'src/mysqlclient.egg-info/SOURCES.txt'
      reading manifest template 'MANIFEST.in'
      adding license file 'LICENSE'
      writing manifest file 'src/mysqlclient.egg-info/SOURCES.txt'
      copying src/MySQLdb/_mysql.c -> build/lib.linux-aarch64-cpython-312/MySQLdb
      running build_ext
      building 'MySQLdb._mysql' extension
      creating build/temp.linux-aarch64-cpython-312/src/MySQLdb
      aarch64-linux-gnu-gcc -fno-strict-overflow -Wsign-compare -DNDEBUG -g -O2 -Wall -fPIC "-Dversion_info=(2, 2, 7, 'final', 0)" -D__version__=2.2.7 -I/home/kali/Projects/shopesite/.venv/include -I/usr/include/python3.12 -c src/MySQLdb/_mysql.c -o build/temp.linux-aarch64-cpython-312/src/MySQLdb/_mysql.o -I/usr/include/mariadb/ -std=c99
      src/MySQLdb/_mysql.c:52:10: fatal error: Python.h: No such file or directory
         52 | #include "Python.h"
            |          ^~~~~~~~~~
      compilation terminated.
      error: command '/usr/bin/aarch64-linux-gnu-gcc' failed with exit code 1
      [end of output]
  
  note: This error originates from a subprocess, and is likely not a problem with pip.
  ERROR: Failed building wheel for mysqlclient
Failed to build mysqlclient                                                 
ERROR: Failed to build installable wheels for some pyproject.toml based projects (mysqlclient)   